[2024-10-25T17:49:32.945+0000] {taskinstance.py:1083} INFO - Dependencies all met for <TaskInstance: temp_data_pipeline_dag.scrape_task manual__2024-10-25T17:49:31.814652+00:00 [queued]>
[2024-10-25T17:49:32.952+0000] {taskinstance.py:1083} INFO - Dependencies all met for <TaskInstance: temp_data_pipeline_dag.scrape_task manual__2024-10-25T17:49:31.814652+00:00 [queued]>
[2024-10-25T17:49:32.952+0000] {taskinstance.py:1279} INFO - 
--------------------------------------------------------------------------------
[2024-10-25T17:49:32.952+0000] {taskinstance.py:1280} INFO - Starting attempt 1 of 2
[2024-10-25T17:49:32.952+0000] {taskinstance.py:1281} INFO - 
--------------------------------------------------------------------------------
[2024-10-25T17:49:32.959+0000] {taskinstance.py:1300} INFO - Executing <Task(PythonOperator): scrape_task> on 2024-10-25 17:49:31.814652+00:00
[2024-10-25T17:49:32.964+0000] {standard_task_runner.py:55} INFO - Started process 146 to run task
[2024-10-25T17:49:32.967+0000] {standard_task_runner.py:82} INFO - Running: ['***', 'tasks', 'run', 'temp_data_pipeline_dag', 'scrape_task', 'manual__2024-10-25T17:49:31.814652+00:00', '--job-id', '29', '--raw', '--subdir', 'DAGS_FOLDER/temp-***.py', '--cfg-path', '/tmp/tmph1dubvhr']
[2024-10-25T17:49:32.969+0000] {standard_task_runner.py:83} INFO - Job 29: Subtask scrape_task
[2024-10-25T17:49:33.006+0000] {task_command.py:388} INFO - Running <TaskInstance: temp_data_pipeline_dag.scrape_task manual__2024-10-25T17:49:31.814652+00:00 [running]> on host 889422c930ce
[2024-10-25T17:49:33.039+0000] {taskinstance.py:1509} INFO - Exporting the following env vars:
AIRFLOW_CTX_DAG_OWNER=santosh
AIRFLOW_CTX_DAG_ID=temp_data_pipeline_dag
AIRFLOW_CTX_TASK_ID=scrape_task
AIRFLOW_CTX_EXECUTION_DATE=2024-10-25T17:49:31.814652+00:00
AIRFLOW_CTX_TRY_NUMBER=1
AIRFLOW_CTX_DAG_RUN_ID=manual__2024-10-25T17:49:31.814652+00:00
[2024-10-25T17:49:33.040+0000] {python.py:177} INFO - Done. Returned value was: {}
[2024-10-25T17:49:33.049+0000] {taskinstance.py:1323} INFO - Marking task as SUCCESS. dag_id=temp_data_pipeline_dag, task_id=scrape_task, execution_date=20241025T174931, start_date=20241025T174932, end_date=20241025T174933
[2024-10-25T17:49:33.069+0000] {local_task_job.py:208} INFO - Task exited with return code 0
[2024-10-25T17:49:33.092+0000] {taskinstance.py:2578} INFO - 1 downstream tasks scheduled from follow-on schedule check
