[2024-10-25T19:04:45.509+0000] {taskinstance.py:1083} INFO - Dependencies all met for <TaskInstance: temp_data_pipeline_dag.scrape_task manual__2024-10-25T19:04:43.797193+00:00 [queued]>
[2024-10-25T19:04:45.517+0000] {taskinstance.py:1083} INFO - Dependencies all met for <TaskInstance: temp_data_pipeline_dag.scrape_task manual__2024-10-25T19:04:43.797193+00:00 [queued]>
[2024-10-25T19:04:45.517+0000] {taskinstance.py:1279} INFO - 
--------------------------------------------------------------------------------
[2024-10-25T19:04:45.517+0000] {taskinstance.py:1280} INFO - Starting attempt 1 of 2
[2024-10-25T19:04:45.517+0000] {taskinstance.py:1281} INFO - 
--------------------------------------------------------------------------------
[2024-10-25T19:04:45.525+0000] {taskinstance.py:1300} INFO - Executing <Task(PythonOperator): scrape_task> on 2024-10-25 19:04:43.797193+00:00
[2024-10-25T19:04:45.537+0000] {standard_task_runner.py:82} INFO - Running: ['***', 'tasks', 'run', 'temp_data_pipeline_dag', 'scrape_task', 'manual__2024-10-25T19:04:43.797193+00:00', '--job-id', '54', '--raw', '--subdir', 'DAGS_FOLDER/temp-***.py', '--cfg-path', '/tmp/tmpa9svzlu9']
[2024-10-25T19:04:45.537+0000] {standard_task_runner.py:55} INFO - Started process 131 to run task
[2024-10-25T19:04:45.540+0000] {standard_task_runner.py:83} INFO - Job 54: Subtask scrape_task
[2024-10-25T19:04:45.679+0000] {task_command.py:388} INFO - Running <TaskInstance: temp_data_pipeline_dag.scrape_task manual__2024-10-25T19:04:43.797193+00:00 [running]> on host 2e2c4425eb34
[2024-10-25T19:04:45.747+0000] {taskinstance.py:1509} INFO - Exporting the following env vars:
AIRFLOW_CTX_DAG_OWNER=santosh
AIRFLOW_CTX_DAG_ID=temp_data_pipeline_dag
AIRFLOW_CTX_TASK_ID=scrape_task
AIRFLOW_CTX_EXECUTION_DATE=2024-10-25T19:04:43.797193+00:00
AIRFLOW_CTX_TRY_NUMBER=1
AIRFLOW_CTX_DAG_RUN_ID=manual__2024-10-25T19:04:43.797193+00:00
[2024-10-25T19:04:45.749+0000] {logging_mixin.py:137} INFO - Starting the scraping process...
[2024-10-25T19:04:45.749+0000] {logging_mixin.py:137} INFO - Current week for scraping: 1
[2024-10-25T19:04:45.749+0000] {logging_mixin.py:137} INFO - Sections to scrape: {'section-1': ['https://rc-docs.northeastern.edu/en/latest/connectingtocluster/index.html#']}
[2024-10-25T19:04:45.749+0000] {logging_mixin.py:137} INFO - running get_all_links
[2024-10-25T19:04:45.928+0000] {logging_mixin.py:137} INFO - running get_all_links
[2024-10-25T19:04:46.044+0000] {logging_mixin.py:137} INFO - running get_all_links
[2024-10-25T19:04:46.218+0000] {logging_mixin.py:137} INFO - running get_all_links
[2024-10-25T19:04:46.336+0000] {logging_mixin.py:137} INFO - running get_all_links
[2024-10-25T19:04:46.460+0000] {logging_mixin.py:137} INFO - section-1 has 60 links
[2024-10-25T19:04:46.461+0000] {logging_mixin.py:137} INFO - Fetched links: {'section-1': ['https://rc-docs.northeastern.edu/en/latest/best-practices/shell_environment.html', 'https://rc-docs.northeastern.edu/en/latest/software/systemwide/index.html', 'https://rc-docs.northeastern.edu/en/latest/containers/singularity.html', 'https://rc-docs.northeastern.edu/en/latest/slurmguide/index.html', 'https://rc-docs.northeastern.edu/en/latest/software/systemwide/modules.html', 'https://rc-docs.northeastern.edu/en/latest/software/systemwide/r.html', 'https://rc-docs.northeastern.edu/en/latest/containers/index.html', 'https://rc.northeastern.edu/ood/', 'https://rc-docs.northeastern.edu/en/latest/software/fromsource/index.html', 'https://github.com/northeastern-rc/rc-public-documentation', 'https://rc-docs.northeastern.edu/en/latest/best-practices/scratchpurge.html', 'https://rc-docs.northeastern.edu/en/latest/gpus/gpuoverview.html', 'https://rc-docs.northeastern.edu/en/latest/gpus/accessinggpus.html', 'https://rc-docs.northeastern.edu/en/latest/connectingtocluster/windows.html', 'https://rc-docs.northeastern.edu/en/latest/datamanagement/discovery_storage.html', 'https://rc-docs.northeastern.edu/en/latest/classroom/class_guide.html', 'https://rc-docs.northeastern.edu/en/latest/runningjobs/understandingqueuing.html', 'https://rc-docs.northeastern.edu/en/latest/runningjobs/jobscheduling.html', 'https://www.ssh.com/ssh/protocol/', 'https://rc-docs.northeastern.edu/en/latest/connectingtocluster/index.html#using-the-terminal', 'https://rc-docs.northeastern.edu/en/latest/best-practices/workquota.html', 'https://rc-docs.northeastern.edu/en/latest/software/packagemanagers/index.html', 'https://rc.northeastern.edu', 'https://rc-docs.northeastern.edu/en/latest/index.html', 'https://rc-docs.northeastern.edu/en/latest/software/fromsource/cmake.html', 'https://rc-docs.northeastern.edu/en/latest/gpus/multigpu-partition-access.html', 'https://rc-docs.northeastern.edu/en/latest/connectingtocluster/index.html#furo-main-content', 'https://rc-docs.northeastern.edu/en/latest/runningjobs/index.html', 'https://rc-docs.northeastern.edu/en/latest/software/systemwide/matlab.html', 'https://rc-docs.northeastern.edu/en/latest/software/fromsource/makefile.html', 'https://rc-docs.northeastern.edu/en/latest/best-practices/index.html', 'https://rc-docs.northeastern.edu/en/latest/datamanagement/index.html', 'https://rc-docs.northeastern.edu/en/latest/best-practices/clusterusage.html', 'https://rc-docs.northeastern.edu/en/latest/software/index.html', 'https://rc-docs.northeastern.edu/en/latest/datamanagement/globus.html', 'https://rc-docs.northeastern.edu/en/latest/slurmguide/slurmmonitoringandmanaging.html', 'https://rc-docs.northeastern.edu/en/latest/connectingtocluster/mac.html', 'https://rc-docs.northeastern.edu/en/latest/glossary.html', 'https://rc-docs.northeastern.edu/en/latest/runningjobs/interactiveandbatch.html', 'https://rc-docs.northeastern.edu/en/latest/software/systemwide/mpi.html', 'https://rc-docs.northeastern.edu/en/latest/best-practices/checkpointing.html', 'https://rc-docs.northeastern.edu/en/latest/software/packagemanagers/spack.html', 'https://rc-docs.northeastern.edu/en/latest/classroom/index.html', 'https://rc-docs.northeastern.edu/en/latest/datamanagement/transferringdata.html', 'https://rc-docs.northeastern.edu/en/latest/classroom/cps_ood.html', 'https://rc-docs.northeastern.edu/en/latest/software/packagemanagers/conda.html', 'https://rc-docs.northeastern.edu/en/latest/runningjobs/runningsjob.html', 'https://rc-docs.northeastern.edu/en/latest/slurmguide/slurmcommands.html', 'https://rc-docs.northeastern.edu/en/latest/connectingtocluster/index.html', 'https://rc-docs.northeastern.edu/en/latest/gpus/index.html', 'https://rc-docs.northeastern.edu/en/latest/_sources/connectingtocluster/index.md.txt', 'https://rc-docs.northeastern.edu/en/latest/faqs-new.html', 'https://rc-docs.northeastern.edu/en/latest/connectingtocluster/index.html#connecting-to-cluster', 'https://rc-docs.northeastern.edu/en/latest/gpus/gpujobsubmission.html', 'https://rc-docs.northeastern.edu/en/latest/best-practices/homequota.html', 'https://rc-docs.northeastern.edu/en/latest/connectingtocluster/index.html#using-open-ondemand', 'https://github.com/pradyunsg/furo', 'https://rc-docs.northeastern.edu/en/latest/slurmguide/slurmarray.html', 'https://rc-docs.northeastern.edu/en/latest/connectingtocluster/linux.html', 'https://rc-docs.northeastern.edu/en/latest/classroom/cheatsheet.html']}
[2024-10-25T19:04:46.461+0000] {logging_mixin.py:137} INFO - Arranging scraped data...
[2024-10-25T19:04:46.461+0000] {logging_mixin.py:137} INFO - Running scrape & save
[2024-10-25T19:04:46.462+0000] {logging_mixin.py:137} INFO - Scraping content from: https://rc-docs.northeastern.edu/en/latest/best-practices/shell_environment.html
[2024-10-25T19:04:47.179+0000] {logging_mixin.py:137} INFO - Scraping content from: https://rc-docs.northeastern.edu/en/latest/software/systemwide/index.html
[2024-10-25T19:04:47.288+0000] {logging_mixin.py:137} INFO - Scraping content from: https://rc-docs.northeastern.edu/en/latest/containers/singularity.html
[2024-10-25T19:04:47.410+0000] {logging_mixin.py:137} INFO - Scraping content from: https://rc-docs.northeastern.edu/en/latest/slurmguide/index.html
[2024-10-25T19:04:47.547+0000] {logging_mixin.py:137} INFO - Scraping content from: https://rc-docs.northeastern.edu/en/latest/software/systemwide/modules.html
[2024-10-25T19:04:47.662+0000] {logging_mixin.py:137} INFO - Scraping content from: https://rc-docs.northeastern.edu/en/latest/software/systemwide/r.html
[2024-10-25T19:04:47.782+0000] {logging_mixin.py:137} INFO - Scraping content from: https://rc-docs.northeastern.edu/en/latest/containers/index.html
[2024-10-25T19:04:47.901+0000] {logging_mixin.py:137} INFO - Scraping content from: https://rc.northeastern.edu/ood/
[2024-10-25T19:04:48.067+0000] {logging_mixin.py:137} INFO - Scraping content from: https://rc-docs.northeastern.edu/en/latest/software/fromsource/index.html
[2024-10-25T19:04:48.198+0000] {logging_mixin.py:137} INFO - Scraping content from: https://github.com/northeastern-rc/rc-public-documentation
[2024-10-25T19:04:48.402+0000] {logging_mixin.py:137} INFO - Scraping content from: https://rc-docs.northeastern.edu/en/latest/best-practices/scratchpurge.html
[2024-10-25T19:04:48.512+0000] {logging_mixin.py:137} INFO - Scraping content from: https://rc-docs.northeastern.edu/en/latest/gpus/gpuoverview.html
[2024-10-25T19:04:48.639+0000] {logging_mixin.py:137} INFO - Scraping content from: https://rc-docs.northeastern.edu/en/latest/gpus/accessinggpus.html
[2024-10-25T19:04:48.774+0000] {logging_mixin.py:137} INFO - Scraping content from: https://rc-docs.northeastern.edu/en/latest/connectingtocluster/windows.html
[2024-10-25T19:04:48.911+0000] {logging_mixin.py:137} INFO - Scraping content from: https://rc-docs.northeastern.edu/en/latest/datamanagement/discovery_storage.html
[2024-10-25T19:04:49.042+0000] {logging_mixin.py:137} INFO - Scraping content from: https://rc-docs.northeastern.edu/en/latest/classroom/class_guide.html
[2024-10-25T19:04:49.214+0000] {logging_mixin.py:137} INFO - Scraping content from: https://rc-docs.northeastern.edu/en/latest/runningjobs/understandingqueuing.html
[2024-10-25T19:04:49.365+0000] {logging_mixin.py:137} INFO - Scraping content from: https://rc-docs.northeastern.edu/en/latest/runningjobs/jobscheduling.html
[2024-10-25T19:04:49.488+0000] {logging_mixin.py:137} INFO - Scraping content from: https://www.ssh.com/ssh/protocol/
[2024-10-25T19:04:49.977+0000] {logging_mixin.py:137} INFO - Scraping content from: https://rc-docs.northeastern.edu/en/latest/connectingtocluster/index.html#using-the-terminal
[2024-10-25T19:04:50.473+0000] {logging_mixin.py:137} INFO - Scraping content from: https://rc-docs.northeastern.edu/en/latest/best-practices/workquota.html
[2024-10-25T19:04:50.651+0000] {logging_mixin.py:137} INFO - Scraping content from: https://rc-docs.northeastern.edu/en/latest/software/packagemanagers/index.html
[2024-10-25T19:04:51.147+0000] {logging_mixin.py:137} INFO - Scraping content from: https://rc.northeastern.edu
[2024-10-25T19:04:51.392+0000] {logging_mixin.py:137} INFO - Scraping content from: https://rc-docs.northeastern.edu/en/latest/index.html
[2024-10-25T19:04:51.566+0000] {logging_mixin.py:137} INFO - Scraping content from: https://rc-docs.northeastern.edu/en/latest/software/fromsource/cmake.html
[2024-10-25T19:04:52.100+0000] {logging_mixin.py:137} INFO - Scraping content from: https://rc-docs.northeastern.edu/en/latest/gpus/multigpu-partition-access.html
[2024-10-25T19:04:52.260+0000] {logging_mixin.py:137} INFO - Scraping content from: https://rc-docs.northeastern.edu/en/latest/connectingtocluster/index.html#furo-main-content
[2024-10-25T19:04:52.393+0000] {logging_mixin.py:137} INFO - Scraping content from: https://rc-docs.northeastern.edu/en/latest/runningjobs/index.html
[2024-10-25T19:04:52.576+0000] {logging_mixin.py:137} INFO - Scraping content from: https://rc-docs.northeastern.edu/en/latest/software/systemwide/matlab.html
[2024-10-25T19:04:52.790+0000] {logging_mixin.py:137} INFO - Scraping content from: https://rc-docs.northeastern.edu/en/latest/software/fromsource/makefile.html
[2024-10-25T19:04:53.252+0000] {logging_mixin.py:137} INFO - Scraping content from: https://rc-docs.northeastern.edu/en/latest/best-practices/index.html
[2024-10-25T19:04:53.386+0000] {logging_mixin.py:137} INFO - Scraping content from: https://rc-docs.northeastern.edu/en/latest/datamanagement/index.html
[2024-10-25T19:04:53.847+0000] {logging_mixin.py:137} INFO - Scraping content from: https://rc-docs.northeastern.edu/en/latest/best-practices/clusterusage.html
[2024-10-25T19:04:54.027+0000] {logging_mixin.py:137} INFO - Scraping content from: https://rc-docs.northeastern.edu/en/latest/software/index.html
[2024-10-25T19:04:54.160+0000] {logging_mixin.py:137} INFO - Scraping content from: https://rc-docs.northeastern.edu/en/latest/datamanagement/globus.html
[2024-10-25T19:04:54.317+0000] {logging_mixin.py:137} INFO - Scraping content from: https://rc-docs.northeastern.edu/en/latest/slurmguide/slurmmonitoringandmanaging.html
[2024-10-25T19:04:54.475+0000] {logging_mixin.py:137} INFO - Scraping content from: https://rc-docs.northeastern.edu/en/latest/connectingtocluster/mac.html
[2024-10-25T19:04:54.595+0000] {logging_mixin.py:137} INFO - Scraping content from: https://rc-docs.northeastern.edu/en/latest/glossary.html
[2024-10-25T19:04:54.738+0000] {logging_mixin.py:137} INFO - Scraping content from: https://rc-docs.northeastern.edu/en/latest/runningjobs/interactiveandbatch.html
[2024-10-25T19:04:54.876+0000] {logging_mixin.py:137} INFO - Scraping content from: https://rc-docs.northeastern.edu/en/latest/software/systemwide/mpi.html
[2024-10-25T19:04:55.314+0000] {logging_mixin.py:137} INFO - Scraping content from: https://rc-docs.northeastern.edu/en/latest/best-practices/checkpointing.html
[2024-10-25T19:04:55.461+0000] {logging_mixin.py:137} INFO - Scraping content from: https://rc-docs.northeastern.edu/en/latest/software/packagemanagers/spack.html
[2024-10-25T19:04:55.931+0000] {logging_mixin.py:137} INFO - Scraping content from: https://rc-docs.northeastern.edu/en/latest/classroom/index.html
[2024-10-25T19:04:56.093+0000] {logging_mixin.py:137} INFO - Scraping content from: https://rc-docs.northeastern.edu/en/latest/datamanagement/transferringdata.html
[2024-10-25T19:04:56.596+0000] {logging_mixin.py:137} INFO - Scraping content from: https://rc-docs.northeastern.edu/en/latest/classroom/cps_ood.html
[2024-10-25T19:04:57.074+0000] {logging_mixin.py:137} INFO - Scraping content from: https://rc-docs.northeastern.edu/en/latest/software/packagemanagers/conda.html
[2024-10-25T19:04:57.610+0000] {logging_mixin.py:137} INFO - Scraping content from: https://rc-docs.northeastern.edu/en/latest/runningjobs/runningsjob.html
[2024-10-25T19:04:57.750+0000] {logging_mixin.py:137} INFO - Scraping content from: https://rc-docs.northeastern.edu/en/latest/slurmguide/slurmcommands.html
[2024-10-25T19:04:57.885+0000] {logging_mixin.py:137} INFO - Scraping content from: https://rc-docs.northeastern.edu/en/latest/connectingtocluster/index.html
[2024-10-25T19:04:58.037+0000] {logging_mixin.py:137} INFO - Scraping content from: https://rc-docs.northeastern.edu/en/latest/gpus/index.html
[2024-10-25T19:04:58.558+0000] {logging_mixin.py:137} INFO - Scraping content from: https://rc-docs.northeastern.edu/en/latest/_sources/connectingtocluster/index.md.txt
[2024-10-25T19:04:59.153+0000] {logging_mixin.py:137} INFO - Scraping content from: https://rc-docs.northeastern.edu/en/latest/faqs-new.html
[2024-10-25T19:04:59.274+0000] {logging_mixin.py:137} INFO - Scraping content from: https://rc-docs.northeastern.edu/en/latest/connectingtocluster/index.html#connecting-to-cluster
[2024-10-25T19:04:59.401+0000] {logging_mixin.py:137} INFO - Scraping content from: https://rc-docs.northeastern.edu/en/latest/gpus/gpujobsubmission.html
[2024-10-25T19:04:59.533+0000] {logging_mixin.py:137} INFO - Scraping content from: https://rc-docs.northeastern.edu/en/latest/best-practices/homequota.html
[2024-10-25T19:04:59.673+0000] {logging_mixin.py:137} INFO - Scraping content from: https://rc-docs.northeastern.edu/en/latest/connectingtocluster/index.html#using-open-ondemand
[2024-10-25T19:05:00.486+0000] {logging_mixin.py:137} INFO - Scraping content from: https://github.com/pradyunsg/furo
[2024-10-25T19:05:00.763+0000] {logging_mixin.py:137} INFO - Scraping content from: https://rc-docs.northeastern.edu/en/latest/slurmguide/slurmarray.html
[2024-10-25T19:05:00.878+0000] {logging_mixin.py:137} INFO - Scraping content from: https://rc-docs.northeastern.edu/en/latest/connectingtocluster/linux.html
[2024-10-25T19:05:01.036+0000] {logging_mixin.py:137} INFO - Scraping content from: https://rc-docs.northeastern.edu/en/latest/classroom/cheatsheet.html
[2024-10-25T19:05:01.212+0000] {logging_mixin.py:137} INFO - Scraped content saved to /opt/***/data/raw//section-1/section-1_scraped_content.txt
[2024-10-25T19:05:01.213+0000] {python.py:177} INFO - Done. Returned value was: None
[2024-10-25T19:05:01.228+0000] {taskinstance.py:1323} INFO - Marking task as SUCCESS. dag_id=temp_data_pipeline_dag, task_id=scrape_task, execution_date=20241025T190443, start_date=20241025T190445, end_date=20241025T190501
[2024-10-25T19:05:01.308+0000] {local_task_job.py:208} INFO - Task exited with return code 0
[2024-10-25T19:05:01.345+0000] {taskinstance.py:2578} INFO - 1 downstream tasks scheduled from follow-on schedule check
