[2024-10-25T18:30:23.028+0000] {taskinstance.py:1083} INFO - Dependencies all met for <TaskInstance: Data_Pipeline_Scrape.scrape_task manual__2024-10-25T18:30:21.824770+00:00 [queued]>
[2024-10-25T18:30:23.033+0000] {taskinstance.py:1083} INFO - Dependencies all met for <TaskInstance: Data_Pipeline_Scrape.scrape_task manual__2024-10-25T18:30:21.824770+00:00 [queued]>
[2024-10-25T18:30:23.033+0000] {taskinstance.py:1279} INFO - 
--------------------------------------------------------------------------------
[2024-10-25T18:30:23.033+0000] {taskinstance.py:1280} INFO - Starting attempt 1 of 1
[2024-10-25T18:30:23.033+0000] {taskinstance.py:1281} INFO - 
--------------------------------------------------------------------------------
[2024-10-25T18:30:23.040+0000] {taskinstance.py:1300} INFO - Executing <Task(PythonOperator): scrape_task> on 2024-10-25 18:30:21.824770+00:00
[2024-10-25T18:30:23.045+0000] {standard_task_runner.py:55} INFO - Started process 113 to run task
[2024-10-25T18:30:23.047+0000] {standard_task_runner.py:82} INFO - Running: ['***', 'tasks', 'run', 'Data_Pipeline_Scrape', 'scrape_task', 'manual__2024-10-25T18:30:21.824770+00:00', '--job-id', '39', '--raw', '--subdir', 'DAGS_FOLDER/test-***.py', '--cfg-path', '/tmp/tmpqfzonjm9']
[2024-10-25T18:30:23.049+0000] {standard_task_runner.py:83} INFO - Job 39: Subtask scrape_task
[2024-10-25T18:30:23.109+0000] {task_command.py:388} INFO - Running <TaskInstance: Data_Pipeline_Scrape.scrape_task manual__2024-10-25T18:30:21.824770+00:00 [running]> on host 2a3257fac289
[2024-10-25T18:30:23.165+0000] {taskinstance.py:1509} INFO - Exporting the following env vars:
AIRFLOW_CTX_DAG_OWNER=santosh
AIRFLOW_CTX_DAG_ID=Data_Pipeline_Scrape
AIRFLOW_CTX_TASK_ID=scrape_task
AIRFLOW_CTX_EXECUTION_DATE=2024-10-25T18:30:21.824770+00:00
AIRFLOW_CTX_TRY_NUMBER=1
AIRFLOW_CTX_DAG_RUN_ID=manual__2024-10-25T18:30:21.824770+00:00
[2024-10-25T18:30:23.167+0000] {python.py:177} INFO - Done. Returned value was: {}
[2024-10-25T18:30:23.193+0000] {taskinstance.py:1323} INFO - Marking task as SUCCESS. dag_id=Data_Pipeline_Scrape, task_id=scrape_task, execution_date=20241025T183021, start_date=20241025T183023, end_date=20241025T183023
[2024-10-25T18:30:23.228+0000] {local_task_job.py:208} INFO - Task exited with return code 0
[2024-10-25T18:30:23.252+0000] {taskinstance.py:2578} INFO - 0 downstream tasks scheduled from follow-on schedule check
