[2024-10-25T17:49:34.965+0000] {taskinstance.py:1083} INFO - Dependencies all met for <TaskInstance: temp_data_pipeline_dag.track_data_task manual__2024-10-25T17:49:31.814652+00:00 [queued]>
[2024-10-25T17:49:34.971+0000] {taskinstance.py:1083} INFO - Dependencies all met for <TaskInstance: temp_data_pipeline_dag.track_data_task manual__2024-10-25T17:49:31.814652+00:00 [queued]>
[2024-10-25T17:49:34.971+0000] {taskinstance.py:1279} INFO - 
--------------------------------------------------------------------------------
[2024-10-25T17:49:34.971+0000] {taskinstance.py:1280} INFO - Starting attempt 1 of 2
[2024-10-25T17:49:34.971+0000] {taskinstance.py:1281} INFO - 
--------------------------------------------------------------------------------
[2024-10-25T17:49:34.978+0000] {taskinstance.py:1300} INFO - Executing <Task(PythonOperator): track_data_task> on 2024-10-25 17:49:31.814652+00:00
[2024-10-25T17:49:34.981+0000] {standard_task_runner.py:55} INFO - Started process 150 to run task
[2024-10-25T17:49:34.984+0000] {standard_task_runner.py:82} INFO - Running: ['***', 'tasks', 'run', 'temp_data_pipeline_dag', 'track_data_task', 'manual__2024-10-25T17:49:31.814652+00:00', '--job-id', '31', '--raw', '--subdir', 'DAGS_FOLDER/temp-***.py', '--cfg-path', '/tmp/tmpuj9bc_oj']
[2024-10-25T17:49:34.985+0000] {standard_task_runner.py:83} INFO - Job 31: Subtask track_data_task
[2024-10-25T17:49:35.013+0000] {task_command.py:388} INFO - Running <TaskInstance: temp_data_pipeline_dag.track_data_task manual__2024-10-25T17:49:31.814652+00:00 [running]> on host 889422c930ce
[2024-10-25T17:49:35.043+0000] {taskinstance.py:1509} INFO - Exporting the following env vars:
AIRFLOW_CTX_DAG_OWNER=santosh
AIRFLOW_CTX_DAG_ID=temp_data_pipeline_dag
AIRFLOW_CTX_TASK_ID=track_data_task
AIRFLOW_CTX_EXECUTION_DATE=2024-10-25T17:49:31.814652+00:00
AIRFLOW_CTX_TRY_NUMBER=1
AIRFLOW_CTX_DAG_RUN_ID=manual__2024-10-25T17:49:31.814652+00:00
[2024-10-25T17:49:35.044+0000] {python.py:177} INFO - Done. Returned value was: None
[2024-10-25T17:49:35.048+0000] {taskinstance.py:1323} INFO - Marking task as SUCCESS. dag_id=temp_data_pipeline_dag, task_id=track_data_task, execution_date=20241025T174931, start_date=20241025T174934, end_date=20241025T174935
[2024-10-25T17:49:35.083+0000] {local_task_job.py:208} INFO - Task exited with return code 0
[2024-10-25T17:49:35.093+0000] {taskinstance.py:2578} INFO - 0 downstream tasks scheduled from follow-on schedule check
