[2024-10-23T19:39:17.920+0000] {manager.py:487} INFO - Processing files using up to 2 processes at a time 
[2024-10-23T19:39:17.921+0000] {manager.py:488} INFO - Process each file at most once every 30 seconds
[2024-10-23T19:39:17.921+0000] {manager.py:489} INFO - Checking for new files in /opt/airflow/dags every 300 seconds
[2024-10-23T19:39:17.922+0000] {manager.py:759} INFO - Searching for files in /opt/airflow/dags
[2024-10-23T19:39:17.923+0000] {manager.py:762} INFO - There are 0 files in /opt/airflow/dags
[2024-10-23T19:44:18.574+0000] {manager.py:759} INFO - Searching for files in /opt/airflow/dags
[2024-10-23T19:44:18.591+0000] {manager.py:762} INFO - There are 0 files in /opt/airflow/dags
[2024-10-23T19:49:19.503+0000] {manager.py:759} INFO - Searching for files in /opt/airflow/dags
[2024-10-23T19:49:19.512+0000] {manager.py:762} INFO - There are 0 files in /opt/airflow/dags
[2024-10-23T19:54:20.470+0000] {manager.py:759} INFO - Searching for files in /opt/airflow/dags
[2024-10-23T19:54:20.480+0000] {manager.py:762} INFO - There are 0 files in /opt/airflow/dags
[2024-10-23T19:59:20.567+0000] {manager.py:759} INFO - Searching for files in /opt/airflow/dags
[2024-10-23T19:59:20.579+0000] {manager.py:762} INFO - There are 0 files in /opt/airflow/dags
[2024-10-23T20:04:20.803+0000] {manager.py:759} INFO - Searching for files in /opt/airflow/dags
[2024-10-23T20:04:20.848+0000] {manager.py:762} INFO - There are 0 files in /opt/airflow/dags
[2024-10-23T20:09:21.803+0000] {manager.py:759} INFO - Searching for files in /opt/airflow/dags
[2024-10-23T20:09:21.813+0000] {manager.py:762} INFO - There are 0 files in /opt/airflow/dags
[2024-10-23T20:14:22.052+0000] {manager.py:759} INFO - Searching for files in /opt/airflow/dags
[2024-10-23T20:14:22.062+0000] {manager.py:762} INFO - There are 0 files in /opt/airflow/dags
[2024-10-23T20:19:22.172+0000] {manager.py:759} INFO - Searching for files in /opt/airflow/dags
[2024-10-23T20:19:22.186+0000] {manager.py:762} INFO - There are 0 files in /opt/airflow/dags
[2024-10-23T20:24:22.471+0000] {manager.py:759} INFO - Searching for files in /opt/airflow/dags
[2024-10-23T20:24:22.481+0000] {manager.py:762} INFO - There are 0 files in /opt/airflow/dags
[2024-10-23T20:29:23.150+0000] {manager.py:759} INFO - Searching for files in /opt/airflow/dags
[2024-10-23T20:29:23.164+0000] {manager.py:762} INFO - There are 0 files in /opt/airflow/dags
[2024-10-23T20:34:23.512+0000] {manager.py:759} INFO - Searching for files in /opt/airflow/dags
[2024-10-23T20:34:23.524+0000] {manager.py:762} INFO - There are 0 files in /opt/airflow/dags
[2024-10-23T20:39:23.747+0000] {manager.py:759} INFO - Searching for files in /opt/airflow/dags
[2024-10-23T20:39:23.757+0000] {manager.py:762} INFO - There are 0 files in /opt/airflow/dags
[2024-10-23T20:44:24.251+0000] {manager.py:759} INFO - Searching for files in /opt/airflow/dags
[2024-10-23T20:44:24.264+0000] {manager.py:762} INFO - There are 0 files in /opt/airflow/dags
[2024-10-23T20:49:24.981+0000] {manager.py:759} INFO - Searching for files in /opt/airflow/dags
[2024-10-23T20:49:24.997+0000] {manager.py:762} INFO - There are 0 files in /opt/airflow/dags
[2024-10-23T20:54:25.150+0000] {manager.py:759} INFO - Searching for files in /opt/airflow/dags
[2024-10-23T20:54:25.164+0000] {manager.py:762} INFO - There are 0 files in /opt/airflow/dags
[2024-10-23T20:59:25.599+0000] {manager.py:759} INFO - Searching for files in /opt/airflow/dags
[2024-10-23T20:59:25.610+0000] {manager.py:762} INFO - There are 0 files in /opt/airflow/dags
[2024-10-23T21:04:25.858+0000] {manager.py:759} INFO - Searching for files in /opt/airflow/dags
[2024-10-23T21:04:25.869+0000] {manager.py:762} INFO - There are 0 files in /opt/airflow/dags
[2024-10-23T21:09:26.489+0000] {manager.py:759} INFO - Searching for files in /opt/airflow/dags
[2024-10-23T21:09:26.503+0000] {manager.py:762} INFO - There are 0 files in /opt/airflow/dags
[2024-10-23T21:14:27.132+0000] {manager.py:759} INFO - Searching for files in /opt/airflow/dags
[2024-10-23T21:14:27.149+0000] {manager.py:762} INFO - There are 0 files in /opt/airflow/dags
[2024-10-23T21:19:27.837+0000] {manager.py:759} INFO - Searching for files in /opt/airflow/dags
[2024-10-23T21:19:27.850+0000] {manager.py:762} INFO - There are 0 files in /opt/airflow/dags
[2024-10-23T21:24:28.437+0000] {manager.py:759} INFO - Searching for files in /opt/airflow/dags
[2024-10-23T21:24:28.470+0000] {manager.py:762} INFO - There are 0 files in /opt/airflow/dags
[2024-10-23T21:29:29.259+0000] {manager.py:759} INFO - Searching for files in /opt/airflow/dags
[2024-10-23T21:29:29.277+0000] {manager.py:762} INFO - There are 0 files in /opt/airflow/dags
[2024-10-23T21:34:29.853+0000] {manager.py:759} INFO - Searching for files in /opt/airflow/dags
[2024-10-23T21:34:29.865+0000] {manager.py:762} INFO - There are 0 files in /opt/airflow/dags
[2024-10-23T21:39:30.490+0000] {manager.py:759} INFO - Searching for files in /opt/airflow/dags
[2024-10-23T21:39:30.502+0000] {manager.py:762} INFO - There are 0 files in /opt/airflow/dags
[2024-10-23T21:47:30.986+0000] {manager.py:759} INFO - Searching for files in /opt/airflow/dags
[2024-10-23T21:47:31.023+0000] {manager.py:762} INFO - There are 0 files in /opt/airflow/dags
[2024-10-23T21:52:31.946+0000] {manager.py:759} INFO - Searching for files in /opt/airflow/dags
[2024-10-23T21:52:31.962+0000] {manager.py:762} INFO - There are 0 files in /opt/airflow/dags
[2024-10-23T21:57:32.635+0000] {manager.py:759} INFO - Searching for files in /opt/airflow/dags
[2024-10-23T21:57:32.653+0000] {manager.py:762} INFO - There are 0 files in /opt/airflow/dags
[2024-10-23T22:02:33.537+0000] {manager.py:759} INFO - Searching for files in /opt/airflow/dags
[2024-10-23T22:02:33.550+0000] {manager.py:762} INFO - There are 0 files in /opt/airflow/dags
[2024-10-23T22:07:34.036+0000] {manager.py:759} INFO - Searching for files in /opt/airflow/dags
[2024-10-23T22:07:34.069+0000] {manager.py:762} INFO - There are 0 files in /opt/airflow/dags
[2024-10-23T22:12:34.551+0000] {manager.py:759} INFO - Searching for files in /opt/airflow/dags
[2024-10-23T22:12:34.565+0000] {manager.py:762} INFO - There are 0 files in /opt/airflow/dags
[2024-10-23T22:17:35.157+0000] {manager.py:759} INFO - Searching for files in /opt/airflow/dags
[2024-10-23T22:17:35.252+0000] {manager.py:762} INFO - There are 0 files in /opt/airflow/dags
