[2024-10-25T19:04:42.301+0000] {taskinstance.py:1083} INFO - Dependencies all met for <TaskInstance: Data_Pipeline_Scrape.scrape_task manual__2024-10-25T19:04:40.796636+00:00 [queued]>
[2024-10-25T19:04:42.307+0000] {taskinstance.py:1083} INFO - Dependencies all met for <TaskInstance: Data_Pipeline_Scrape.scrape_task manual__2024-10-25T19:04:40.796636+00:00 [queued]>
[2024-10-25T19:04:42.307+0000] {taskinstance.py:1279} INFO - 
--------------------------------------------------------------------------------
[2024-10-25T19:04:42.307+0000] {taskinstance.py:1280} INFO - Starting attempt 1 of 1
[2024-10-25T19:04:42.307+0000] {taskinstance.py:1281} INFO - 
--------------------------------------------------------------------------------
[2024-10-25T19:04:42.314+0000] {taskinstance.py:1300} INFO - Executing <Task(PythonOperator): scrape_task> on 2024-10-25 19:04:40.796636+00:00
[2024-10-25T19:04:42.321+0000] {standard_task_runner.py:55} INFO - Started process 129 to run task
[2024-10-25T19:04:42.323+0000] {standard_task_runner.py:82} INFO - Running: ['***', 'tasks', 'run', 'Data_Pipeline_Scrape', 'scrape_task', 'manual__2024-10-25T19:04:40.796636+00:00', '--job-id', '53', '--raw', '--subdir', 'DAGS_FOLDER/test-***.py', '--cfg-path', '/tmp/tmppo5si_la']
[2024-10-25T19:04:42.327+0000] {standard_task_runner.py:83} INFO - Job 53: Subtask scrape_task
[2024-10-25T19:04:42.411+0000] {task_command.py:388} INFO - Running <TaskInstance: Data_Pipeline_Scrape.scrape_task manual__2024-10-25T19:04:40.796636+00:00 [running]> on host 2e2c4425eb34
[2024-10-25T19:04:42.450+0000] {taskinstance.py:1509} INFO - Exporting the following env vars:
AIRFLOW_CTX_DAG_OWNER=santosh
AIRFLOW_CTX_DAG_ID=Data_Pipeline_Scrape
AIRFLOW_CTX_TASK_ID=scrape_task
AIRFLOW_CTX_EXECUTION_DATE=2024-10-25T19:04:40.796636+00:00
AIRFLOW_CTX_TRY_NUMBER=1
AIRFLOW_CTX_DAG_RUN_ID=manual__2024-10-25T19:04:40.796636+00:00
[2024-10-25T19:04:42.452+0000] {logging_mixin.py:137} INFO - Running scrape task function...
[2024-10-25T19:04:42.453+0000] {logging_mixin.py:137} INFO - Output directory created or exists: /opt/***/data/raw
[2024-10-25T19:04:42.453+0000] {logging_mixin.py:137} INFO - Starting the scraping process...
[2024-10-25T19:04:42.453+0000] {logging_mixin.py:137} INFO - Current week for scraping: 1
[2024-10-25T19:04:42.453+0000] {logging_mixin.py:137} INFO - Sections to scrape: {'section-1': ['https://rc-docs.northeastern.edu/en/latest/connectingtocluster/index.html#']}
[2024-10-25T19:04:42.453+0000] {logging_mixin.py:137} INFO - running get_all_links
[2024-10-25T19:04:42.748+0000] {logging_mixin.py:137} INFO - running get_all_links
[2024-10-25T19:04:42.854+0000] {logging_mixin.py:137} INFO - running get_all_links
[2024-10-25T19:04:42.985+0000] {logging_mixin.py:137} INFO - running get_all_links
[2024-10-25T19:04:43.112+0000] {logging_mixin.py:137} INFO - running get_all_links
[2024-10-25T19:04:43.231+0000] {logging_mixin.py:137} INFO - section-1 has 60 links
[2024-10-25T19:04:43.231+0000] {logging_mixin.py:137} INFO - Fetched links: {'section-1': ['https://rc-docs.northeastern.edu/en/latest/best-practices/shell_environment.html', 'https://rc-docs.northeastern.edu/en/latest/software/systemwide/index.html', 'https://rc-docs.northeastern.edu/en/latest/containers/singularity.html', 'https://rc-docs.northeastern.edu/en/latest/slurmguide/index.html', 'https://rc-docs.northeastern.edu/en/latest/software/systemwide/modules.html', 'https://rc-docs.northeastern.edu/en/latest/software/systemwide/r.html', 'https://rc-docs.northeastern.edu/en/latest/containers/index.html', 'https://rc.northeastern.edu/ood/', 'https://rc-docs.northeastern.edu/en/latest/software/fromsource/index.html', 'https://github.com/northeastern-rc/rc-public-documentation', 'https://rc-docs.northeastern.edu/en/latest/best-practices/scratchpurge.html', 'https://rc-docs.northeastern.edu/en/latest/gpus/gpuoverview.html', 'https://rc-docs.northeastern.edu/en/latest/gpus/accessinggpus.html', 'https://rc-docs.northeastern.edu/en/latest/connectingtocluster/windows.html', 'https://rc-docs.northeastern.edu/en/latest/datamanagement/discovery_storage.html', 'https://rc-docs.northeastern.edu/en/latest/classroom/class_guide.html', 'https://rc-docs.northeastern.edu/en/latest/runningjobs/understandingqueuing.html', 'https://rc-docs.northeastern.edu/en/latest/runningjobs/jobscheduling.html', 'https://www.ssh.com/ssh/protocol/', 'https://rc-docs.northeastern.edu/en/latest/connectingtocluster/index.html#using-the-terminal', 'https://rc-docs.northeastern.edu/en/latest/best-practices/workquota.html', 'https://rc-docs.northeastern.edu/en/latest/software/packagemanagers/index.html', 'https://rc.northeastern.edu', 'https://rc-docs.northeastern.edu/en/latest/index.html', 'https://rc-docs.northeastern.edu/en/latest/software/fromsource/cmake.html', 'https://rc-docs.northeastern.edu/en/latest/gpus/multigpu-partition-access.html', 'https://rc-docs.northeastern.edu/en/latest/connectingtocluster/index.html#furo-main-content', 'https://rc-docs.northeastern.edu/en/latest/runningjobs/index.html', 'https://rc-docs.northeastern.edu/en/latest/software/systemwide/matlab.html', 'https://rc-docs.northeastern.edu/en/latest/software/fromsource/makefile.html', 'https://rc-docs.northeastern.edu/en/latest/best-practices/index.html', 'https://rc-docs.northeastern.edu/en/latest/datamanagement/index.html', 'https://rc-docs.northeastern.edu/en/latest/best-practices/clusterusage.html', 'https://rc-docs.northeastern.edu/en/latest/software/index.html', 'https://rc-docs.northeastern.edu/en/latest/datamanagement/globus.html', 'https://rc-docs.northeastern.edu/en/latest/slurmguide/slurmmonitoringandmanaging.html', 'https://rc-docs.northeastern.edu/en/latest/connectingtocluster/mac.html', 'https://rc-docs.northeastern.edu/en/latest/glossary.html', 'https://rc-docs.northeastern.edu/en/latest/runningjobs/interactiveandbatch.html', 'https://rc-docs.northeastern.edu/en/latest/software/systemwide/mpi.html', 'https://rc-docs.northeastern.edu/en/latest/best-practices/checkpointing.html', 'https://rc-docs.northeastern.edu/en/latest/software/packagemanagers/spack.html', 'https://rc-docs.northeastern.edu/en/latest/classroom/index.html', 'https://rc-docs.northeastern.edu/en/latest/datamanagement/transferringdata.html', 'https://rc-docs.northeastern.edu/en/latest/classroom/cps_ood.html', 'https://rc-docs.northeastern.edu/en/latest/software/packagemanagers/conda.html', 'https://rc-docs.northeastern.edu/en/latest/runningjobs/runningsjob.html', 'https://rc-docs.northeastern.edu/en/latest/slurmguide/slurmcommands.html', 'https://rc-docs.northeastern.edu/en/latest/connectingtocluster/index.html', 'https://rc-docs.northeastern.edu/en/latest/gpus/index.html', 'https://rc-docs.northeastern.edu/en/latest/_sources/connectingtocluster/index.md.txt', 'https://rc-docs.northeastern.edu/en/latest/faqs-new.html', 'https://rc-docs.northeastern.edu/en/latest/connectingtocluster/index.html#connecting-to-cluster', 'https://rc-docs.northeastern.edu/en/latest/gpus/gpujobsubmission.html', 'https://rc-docs.northeastern.edu/en/latest/best-practices/homequota.html', 'https://rc-docs.northeastern.edu/en/latest/connectingtocluster/index.html#using-open-ondemand', 'https://github.com/pradyunsg/furo', 'https://rc-docs.northeastern.edu/en/latest/slurmguide/slurmarray.html', 'https://rc-docs.northeastern.edu/en/latest/connectingtocluster/linux.html', 'https://rc-docs.northeastern.edu/en/latest/classroom/cheatsheet.html']}
[2024-10-25T19:04:43.232+0000] {logging_mixin.py:137} INFO - Arranging scraped data...
[2024-10-25T19:04:43.232+0000] {logging_mixin.py:137} INFO - Running scrape & save
[2024-10-25T19:04:43.233+0000] {logging_mixin.py:137} INFO - Scraping content from: https://rc-docs.northeastern.edu/en/latest/best-practices/shell_environment.html
[2024-10-25T19:04:43.371+0000] {logging_mixin.py:137} INFO - Scraping content from: https://rc-docs.northeastern.edu/en/latest/software/systemwide/index.html
[2024-10-25T19:04:43.511+0000] {logging_mixin.py:137} INFO - Scraping content from: https://rc-docs.northeastern.edu/en/latest/containers/singularity.html
[2024-10-25T19:04:43.651+0000] {logging_mixin.py:137} INFO - Scraping content from: https://rc-docs.northeastern.edu/en/latest/slurmguide/index.html
[2024-10-25T19:04:43.810+0000] {logging_mixin.py:137} INFO - Scraping content from: https://rc-docs.northeastern.edu/en/latest/software/systemwide/modules.html
[2024-10-25T19:04:43.955+0000] {logging_mixin.py:137} INFO - Scraping content from: https://rc-docs.northeastern.edu/en/latest/software/systemwide/r.html
[2024-10-25T19:04:44.566+0000] {logging_mixin.py:137} INFO - Scraping content from: https://rc-docs.northeastern.edu/en/latest/containers/index.html
[2024-10-25T19:04:45.395+0000] {logging_mixin.py:137} INFO - Scraping content from: https://rc.northeastern.edu/ood/
[2024-10-25T19:04:46.300+0000] {logging_mixin.py:137} INFO - Scraping content from: https://rc-docs.northeastern.edu/en/latest/software/fromsource/index.html
[2024-10-25T19:04:46.428+0000] {logging_mixin.py:137} INFO - Scraping content from: https://github.com/northeastern-rc/rc-public-documentation
[2024-10-25T19:04:47.053+0000] {logging_mixin.py:137} INFO - Scraping content from: https://rc-docs.northeastern.edu/en/latest/best-practices/scratchpurge.html
[2024-10-25T19:04:47.526+0000] {logging_mixin.py:137} INFO - Scraping content from: https://rc-docs.northeastern.edu/en/latest/gpus/gpuoverview.html
[2024-10-25T19:04:47.953+0000] {logging_mixin.py:137} INFO - Scraping content from: https://rc-docs.northeastern.edu/en/latest/gpus/accessinggpus.html
[2024-10-25T19:04:48.477+0000] {logging_mixin.py:137} INFO - Scraping content from: https://rc-docs.northeastern.edu/en/latest/connectingtocluster/windows.html
[2024-10-25T19:04:48.590+0000] {logging_mixin.py:137} INFO - Scraping content from: https://rc-docs.northeastern.edu/en/latest/datamanagement/discovery_storage.html
[2024-10-25T19:04:49.032+0000] {logging_mixin.py:137} INFO - Scraping content from: https://rc-docs.northeastern.edu/en/latest/classroom/class_guide.html
[2024-10-25T19:04:49.210+0000] {logging_mixin.py:137} INFO - Scraping content from: https://rc-docs.northeastern.edu/en/latest/runningjobs/understandingqueuing.html
[2024-10-25T19:04:49.356+0000] {logging_mixin.py:137} INFO - Scraping content from: https://rc-docs.northeastern.edu/en/latest/runningjobs/jobscheduling.html
[2024-10-25T19:04:49.483+0000] {logging_mixin.py:137} INFO - Scraping content from: https://www.ssh.com/ssh/protocol/
[2024-10-25T19:04:49.962+0000] {logging_mixin.py:137} INFO - Scraping content from: https://rc-docs.northeastern.edu/en/latest/connectingtocluster/index.html#using-the-terminal
[2024-10-25T19:04:50.076+0000] {logging_mixin.py:137} INFO - Scraping content from: https://rc-docs.northeastern.edu/en/latest/best-practices/workquota.html
[2024-10-25T19:04:50.597+0000] {logging_mixin.py:137} INFO - Scraping content from: https://rc-docs.northeastern.edu/en/latest/software/packagemanagers/index.html
[2024-10-25T19:04:51.116+0000] {logging_mixin.py:137} INFO - Scraping content from: https://rc.northeastern.edu
[2024-10-25T19:04:51.372+0000] {logging_mixin.py:137} INFO - Scraping content from: https://rc-docs.northeastern.edu/en/latest/index.html
[2024-10-25T19:04:51.570+0000] {logging_mixin.py:137} INFO - Scraping content from: https://rc-docs.northeastern.edu/en/latest/software/fromsource/cmake.html
[2024-10-25T19:04:52.077+0000] {logging_mixin.py:137} INFO - Scraping content from: https://rc-docs.northeastern.edu/en/latest/gpus/multigpu-partition-access.html
[2024-10-25T19:04:52.698+0000] {logging_mixin.py:137} INFO - Scraping content from: https://rc-docs.northeastern.edu/en/latest/connectingtocluster/index.html#furo-main-content
[2024-10-25T19:04:52.829+0000] {logging_mixin.py:137} INFO - Scraping content from: https://rc-docs.northeastern.edu/en/latest/runningjobs/index.html
[2024-10-25T19:04:52.951+0000] {logging_mixin.py:137} INFO - Scraping content from: https://rc-docs.northeastern.edu/en/latest/software/systemwide/matlab.html
[2024-10-25T19:04:53.164+0000] {logging_mixin.py:137} INFO - Scraping content from: https://rc-docs.northeastern.edu/en/latest/software/fromsource/makefile.html
[2024-10-25T19:04:53.315+0000] {logging_mixin.py:137} INFO - Scraping content from: https://rc-docs.northeastern.edu/en/latest/best-practices/index.html
[2024-10-25T19:04:53.464+0000] {logging_mixin.py:137} INFO - Scraping content from: https://rc-docs.northeastern.edu/en/latest/datamanagement/index.html
[2024-10-25T19:04:53.922+0000] {logging_mixin.py:137} INFO - Scraping content from: https://rc-docs.northeastern.edu/en/latest/best-practices/clusterusage.html
[2024-10-25T19:04:54.213+0000] {logging_mixin.py:137} INFO - Scraping content from: https://rc-docs.northeastern.edu/en/latest/software/index.html
[2024-10-25T19:04:54.357+0000] {logging_mixin.py:137} INFO - Scraping content from: https://rc-docs.northeastern.edu/en/latest/datamanagement/globus.html
[2024-10-25T19:04:54.454+0000] {logging_mixin.py:137} INFO - Scraping content from: https://rc-docs.northeastern.edu/en/latest/slurmguide/slurmmonitoringandmanaging.html
[2024-10-25T19:04:54.597+0000] {logging_mixin.py:137} INFO - Scraping content from: https://rc-docs.northeastern.edu/en/latest/connectingtocluster/mac.html
[2024-10-25T19:04:54.720+0000] {logging_mixin.py:137} INFO - Scraping content from: https://rc-docs.northeastern.edu/en/latest/glossary.html
[2024-10-25T19:04:54.870+0000] {logging_mixin.py:137} INFO - Scraping content from: https://rc-docs.northeastern.edu/en/latest/runningjobs/interactiveandbatch.html
[2024-10-25T19:04:54.998+0000] {logging_mixin.py:137} INFO - Scraping content from: https://rc-docs.northeastern.edu/en/latest/software/systemwide/mpi.html
[2024-10-25T19:04:55.205+0000] {logging_mixin.py:137} INFO - Scraping content from: https://rc-docs.northeastern.edu/en/latest/best-practices/checkpointing.html
[2024-10-25T19:04:55.373+0000] {logging_mixin.py:137} INFO - Scraping content from: https://rc-docs.northeastern.edu/en/latest/software/packagemanagers/spack.html
[2024-10-25T19:04:56.025+0000] {logging_mixin.py:137} INFO - Scraping content from: https://rc-docs.northeastern.edu/en/latest/classroom/index.html
[2024-10-25T19:04:56.145+0000] {logging_mixin.py:137} INFO - Scraping content from: https://rc-docs.northeastern.edu/en/latest/datamanagement/transferringdata.html
[2024-10-25T19:04:56.605+0000] {logging_mixin.py:137} INFO - Scraping content from: https://rc-docs.northeastern.edu/en/latest/classroom/cps_ood.html
[2024-10-25T19:04:57.090+0000] {logging_mixin.py:137} INFO - Scraping content from: https://rc-docs.northeastern.edu/en/latest/software/packagemanagers/conda.html
[2024-10-25T19:04:57.612+0000] {logging_mixin.py:137} INFO - Scraping content from: https://rc-docs.northeastern.edu/en/latest/runningjobs/runningsjob.html
[2024-10-25T19:04:57.750+0000] {logging_mixin.py:137} INFO - Scraping content from: https://rc-docs.northeastern.edu/en/latest/slurmguide/slurmcommands.html
[2024-10-25T19:04:57.886+0000] {logging_mixin.py:137} INFO - Scraping content from: https://rc-docs.northeastern.edu/en/latest/connectingtocluster/index.html
[2024-10-25T19:04:58.039+0000] {logging_mixin.py:137} INFO - Scraping content from: https://rc-docs.northeastern.edu/en/latest/gpus/index.html
[2024-10-25T19:04:58.591+0000] {logging_mixin.py:137} INFO - Scraping content from: https://rc-docs.northeastern.edu/en/latest/_sources/connectingtocluster/index.md.txt
[2024-10-25T19:04:59.153+0000] {logging_mixin.py:137} INFO - Scraping content from: https://rc-docs.northeastern.edu/en/latest/faqs-new.html
[2024-10-25T19:04:59.296+0000] {logging_mixin.py:137} INFO - Scraping content from: https://rc-docs.northeastern.edu/en/latest/connectingtocluster/index.html#connecting-to-cluster
[2024-10-25T19:04:59.407+0000] {logging_mixin.py:137} INFO - Scraping content from: https://rc-docs.northeastern.edu/en/latest/gpus/gpujobsubmission.html
[2024-10-25T19:04:59.523+0000] {logging_mixin.py:137} INFO - Scraping content from: https://rc-docs.northeastern.edu/en/latest/best-practices/homequota.html
[2024-10-25T19:04:59.628+0000] {logging_mixin.py:137} INFO - Scraping content from: https://rc-docs.northeastern.edu/en/latest/connectingtocluster/index.html#using-open-ondemand
[2024-10-25T19:04:59.791+0000] {logging_mixin.py:137} INFO - Scraping content from: https://github.com/pradyunsg/furo
[2024-10-25T19:05:00.541+0000] {logging_mixin.py:137} INFO - Scraping content from: https://rc-docs.northeastern.edu/en/latest/slurmguide/slurmarray.html
[2024-10-25T19:05:00.706+0000] {logging_mixin.py:137} INFO - Scraping content from: https://rc-docs.northeastern.edu/en/latest/connectingtocluster/linux.html
[2024-10-25T19:05:00.852+0000] {logging_mixin.py:137} INFO - Scraping content from: https://rc-docs.northeastern.edu/en/latest/classroom/cheatsheet.html
[2024-10-25T19:05:01.284+0000] {logging_mixin.py:137} INFO - Scraped content saved to /opt/***/data/raw//section-1/section-1_scraped_content.txt
[2024-10-25T19:05:01.284+0000] {logging_mixin.py:137} INFO - Scraped sections: {'section-1': ['https://rc-docs.northeastern.edu/en/latest/connectingtocluster/index.html#']}
[2024-10-25T19:05:01.284+0000] {logging_mixin.py:137} INFO - Data should be saved in: /opt/***/data/raw
[2024-10-25T19:05:01.284+0000] {python.py:177} INFO - Done. Returned value was: None
[2024-10-25T19:05:01.294+0000] {taskinstance.py:1323} INFO - Marking task as SUCCESS. dag_id=Data_Pipeline_Scrape, task_id=scrape_task, execution_date=20241025T190440, start_date=20241025T190442, end_date=20241025T190501
[2024-10-25T19:05:01.312+0000] {local_task_job.py:208} INFO - Task exited with return code 0
[2024-10-25T19:05:01.348+0000] {taskinstance.py:2578} INFO - 0 downstream tasks scheduled from follow-on schedule check
