[2024-10-25T18:41:57.362+0000] {taskinstance.py:1083} INFO - Dependencies all met for <TaskInstance: Data_Pipeline_Scrape.scrape_task manual__2024-10-25T18:41:56.197989+00:00 [queued]>
[2024-10-25T18:41:57.368+0000] {taskinstance.py:1083} INFO - Dependencies all met for <TaskInstance: Data_Pipeline_Scrape.scrape_task manual__2024-10-25T18:41:56.197989+00:00 [queued]>
[2024-10-25T18:41:57.368+0000] {taskinstance.py:1279} INFO - 
--------------------------------------------------------------------------------
[2024-10-25T18:41:57.368+0000] {taskinstance.py:1280} INFO - Starting attempt 1 of 1
[2024-10-25T18:41:57.368+0000] {taskinstance.py:1281} INFO - 
--------------------------------------------------------------------------------
[2024-10-25T18:41:57.374+0000] {taskinstance.py:1300} INFO - Executing <Task(PythonOperator): scrape_task> on 2024-10-25 18:41:56.197989+00:00
[2024-10-25T18:41:57.379+0000] {standard_task_runner.py:55} INFO - Started process 129 to run task
[2024-10-25T18:41:57.381+0000] {standard_task_runner.py:82} INFO - Running: ['***', 'tasks', 'run', 'Data_Pipeline_Scrape', 'scrape_task', 'manual__2024-10-25T18:41:56.197989+00:00', '--job-id', '42', '--raw', '--subdir', 'DAGS_FOLDER/test-***.py', '--cfg-path', '/tmp/tmpvxscohal']
[2024-10-25T18:41:57.382+0000] {standard_task_runner.py:83} INFO - Job 42: Subtask scrape_task
[2024-10-25T18:41:57.424+0000] {task_command.py:388} INFO - Running <TaskInstance: Data_Pipeline_Scrape.scrape_task manual__2024-10-25T18:41:56.197989+00:00 [running]> on host e6c8a094fa41
[2024-10-25T18:41:57.456+0000] {taskinstance.py:1509} INFO - Exporting the following env vars:
AIRFLOW_CTX_DAG_OWNER=santosh
AIRFLOW_CTX_DAG_ID=Data_Pipeline_Scrape
AIRFLOW_CTX_TASK_ID=scrape_task
AIRFLOW_CTX_EXECUTION_DATE=2024-10-25T18:41:56.197989+00:00
AIRFLOW_CTX_TRY_NUMBER=1
AIRFLOW_CTX_DAG_RUN_ID=manual__2024-10-25T18:41:56.197989+00:00
[2024-10-25T18:41:57.457+0000] {logging_mixin.py:137} INFO - Running scrape task function...
[2024-10-25T18:41:57.457+0000] {logging_mixin.py:137} INFO - Output directory created or exists: /opt/***/data/raw
[2024-10-25T18:41:57.457+0000] {logging_mixin.py:137} INFO - Starting the scraping process...
[2024-10-25T18:41:57.457+0000] {logging_mixin.py:137} INFO - Calculating current week...
[2024-10-25T18:41:57.457+0000] {logging_mixin.py:137} INFO - Arranging scraped data...
[2024-10-25T18:41:57.457+0000] {logging_mixin.py:137} INFO - Scraped sections: {}
[2024-10-25T18:41:57.457+0000] {logging_mixin.py:137} INFO - Data should be saved in: /opt/***/data/raw
[2024-10-25T18:41:57.458+0000] {python.py:177} INFO - Done. Returned value was: None
[2024-10-25T18:41:57.462+0000] {taskinstance.py:1323} INFO - Marking task as SUCCESS. dag_id=Data_Pipeline_Scrape, task_id=scrape_task, execution_date=20241025T184156, start_date=20241025T184157, end_date=20241025T184157
[2024-10-25T18:41:57.481+0000] {local_task_job.py:208} INFO - Task exited with return code 0
[2024-10-25T18:41:57.492+0000] {taskinstance.py:2578} INFO - 0 downstream tasks scheduled from follow-on schedule check
