[2024-10-25T18:15:22.396+0000] {taskinstance.py:1083} INFO - Dependencies all met for <TaskInstance: temp_data_pipeline_dag.scrape_task manual__2024-10-25T18:15:20.350160+00:00 [queued]>
[2024-10-25T18:15:22.405+0000] {taskinstance.py:1083} INFO - Dependencies all met for <TaskInstance: temp_data_pipeline_dag.scrape_task manual__2024-10-25T18:15:20.350160+00:00 [queued]>
[2024-10-25T18:15:22.405+0000] {taskinstance.py:1279} INFO - 
--------------------------------------------------------------------------------
[2024-10-25T18:15:22.405+0000] {taskinstance.py:1280} INFO - Starting attempt 1 of 2
[2024-10-25T18:15:22.405+0000] {taskinstance.py:1281} INFO - 
--------------------------------------------------------------------------------
[2024-10-25T18:15:22.414+0000] {taskinstance.py:1300} INFO - Executing <Task(PythonOperator): scrape_task> on 2024-10-25 18:15:20.350160+00:00
[2024-10-25T18:15:22.421+0000] {standard_task_runner.py:55} INFO - Started process 130 to run task
[2024-10-25T18:15:22.423+0000] {standard_task_runner.py:82} INFO - Running: ['***', 'tasks', 'run', 'temp_data_pipeline_dag', 'scrape_task', 'manual__2024-10-25T18:15:20.350160+00:00', '--job-id', '34', '--raw', '--subdir', 'DAGS_FOLDER/temp-***.py', '--cfg-path', '/tmp/tmpn47y5k3b']
[2024-10-25T18:15:22.424+0000] {standard_task_runner.py:83} INFO - Job 34: Subtask scrape_task
[2024-10-25T18:15:22.453+0000] {task_command.py:388} INFO - Running <TaskInstance: temp_data_pipeline_dag.scrape_task manual__2024-10-25T18:15:20.350160+00:00 [running]> on host 53d4ed596613
[2024-10-25T18:15:22.497+0000] {taskinstance.py:1509} INFO - Exporting the following env vars:
AIRFLOW_CTX_DAG_OWNER=santosh
AIRFLOW_CTX_DAG_ID=temp_data_pipeline_dag
AIRFLOW_CTX_TASK_ID=scrape_task
AIRFLOW_CTX_EXECUTION_DATE=2024-10-25T18:15:20.350160+00:00
AIRFLOW_CTX_TRY_NUMBER=1
AIRFLOW_CTX_DAG_RUN_ID=manual__2024-10-25T18:15:20.350160+00:00
[2024-10-25T18:15:22.498+0000] {python.py:177} INFO - Done. Returned value was: None
[2024-10-25T18:15:22.501+0000] {taskinstance.py:1323} INFO - Marking task as SUCCESS. dag_id=temp_data_pipeline_dag, task_id=scrape_task, execution_date=20241025T181520, start_date=20241025T181522, end_date=20241025T181522
[2024-10-25T18:15:22.521+0000] {local_task_job.py:208} INFO - Task exited with return code 0
[2024-10-25T18:15:22.534+0000] {taskinstance.py:2578} INFO - 1 downstream tasks scheduled from follow-on schedule check
