[2024-10-25T19:05:02.469+0000] {taskinstance.py:1083} INFO - Dependencies all met for <TaskInstance: temp_data_pipeline_dag.preprocess_task manual__2024-10-25T19:04:43.797193+00:00 [queued]>
[2024-10-25T19:05:02.475+0000] {taskinstance.py:1083} INFO - Dependencies all met for <TaskInstance: temp_data_pipeline_dag.preprocess_task manual__2024-10-25T19:04:43.797193+00:00 [queued]>
[2024-10-25T19:05:02.475+0000] {taskinstance.py:1279} INFO - 
--------------------------------------------------------------------------------
[2024-10-25T19:05:02.476+0000] {taskinstance.py:1280} INFO - Starting attempt 1 of 2
[2024-10-25T19:05:02.476+0000] {taskinstance.py:1281} INFO - 
--------------------------------------------------------------------------------
[2024-10-25T19:05:02.482+0000] {taskinstance.py:1300} INFO - Executing <Task(PythonOperator): preprocess_task> on 2024-10-25 19:04:43.797193+00:00
[2024-10-25T19:05:02.500+0000] {standard_task_runner.py:55} INFO - Started process 149 to run task
[2024-10-25T19:05:02.509+0000] {standard_task_runner.py:82} INFO - Running: ['***', 'tasks', 'run', 'temp_data_pipeline_dag', 'preprocess_task', 'manual__2024-10-25T19:04:43.797193+00:00', '--job-id', '55', '--raw', '--subdir', 'DAGS_FOLDER/temp-***.py', '--cfg-path', '/tmp/tmpt66nrsst']
[2024-10-25T19:05:02.513+0000] {standard_task_runner.py:83} INFO - Job 55: Subtask preprocess_task
[2024-10-25T19:05:02.567+0000] {task_command.py:388} INFO - Running <TaskInstance: temp_data_pipeline_dag.preprocess_task manual__2024-10-25T19:04:43.797193+00:00 [running]> on host 2e2c4425eb34
[2024-10-25T19:05:02.611+0000] {taskinstance.py:1509} INFO - Exporting the following env vars:
AIRFLOW_CTX_DAG_OWNER=santosh
AIRFLOW_CTX_DAG_ID=temp_data_pipeline_dag
AIRFLOW_CTX_TASK_ID=preprocess_task
AIRFLOW_CTX_EXECUTION_DATE=2024-10-25T19:04:43.797193+00:00
AIRFLOW_CTX_TRY_NUMBER=1
AIRFLOW_CTX_DAG_RUN_ID=manual__2024-10-25T19:04:43.797193+00:00
[2024-10-25T19:05:02.644+0000] {logging_mixin.py:137} INFO - Processed text saved to data/processed/section-1/section-1_processed_content.txt
[2024-10-25T19:05:02.644+0000] {python.py:177} INFO - Done. Returned value was: None
[2024-10-25T19:05:02.651+0000] {taskinstance.py:1323} INFO - Marking task as SUCCESS. dag_id=temp_data_pipeline_dag, task_id=preprocess_task, execution_date=20241025T190443, start_date=20241025T190502, end_date=20241025T190502
[2024-10-25T19:05:02.699+0000] {local_task_job.py:208} INFO - Task exited with return code 0
[2024-10-25T19:05:02.721+0000] {taskinstance.py:2578} INFO - 1 downstream tasks scheduled from follow-on schedule check
