[2024-10-25T18:15:23.260+0000] {taskinstance.py:1083} INFO - Dependencies all met for <TaskInstance: temp_data_pipeline_dag.preprocess_task manual__2024-10-25T18:15:20.350160+00:00 [queued]>
[2024-10-25T18:15:23.265+0000] {taskinstance.py:1083} INFO - Dependencies all met for <TaskInstance: temp_data_pipeline_dag.preprocess_task manual__2024-10-25T18:15:20.350160+00:00 [queued]>
[2024-10-25T18:15:23.265+0000] {taskinstance.py:1279} INFO - 
--------------------------------------------------------------------------------
[2024-10-25T18:15:23.265+0000] {taskinstance.py:1280} INFO - Starting attempt 1 of 2
[2024-10-25T18:15:23.265+0000] {taskinstance.py:1281} INFO - 
--------------------------------------------------------------------------------
[2024-10-25T18:15:23.272+0000] {taskinstance.py:1300} INFO - Executing <Task(PythonOperator): preprocess_task> on 2024-10-25 18:15:20.350160+00:00
[2024-10-25T18:15:23.278+0000] {standard_task_runner.py:55} INFO - Started process 132 to run task
[2024-10-25T18:15:23.280+0000] {standard_task_runner.py:82} INFO - Running: ['***', 'tasks', 'run', 'temp_data_pipeline_dag', 'preprocess_task', 'manual__2024-10-25T18:15:20.350160+00:00', '--job-id', '35', '--raw', '--subdir', 'DAGS_FOLDER/temp-***.py', '--cfg-path', '/tmp/tmpeiq2wh4e']
[2024-10-25T18:15:23.281+0000] {standard_task_runner.py:83} INFO - Job 35: Subtask preprocess_task
[2024-10-25T18:15:23.323+0000] {task_command.py:388} INFO - Running <TaskInstance: temp_data_pipeline_dag.preprocess_task manual__2024-10-25T18:15:20.350160+00:00 [running]> on host 53d4ed596613
[2024-10-25T18:15:23.356+0000] {taskinstance.py:1509} INFO - Exporting the following env vars:
AIRFLOW_CTX_DAG_OWNER=santosh
AIRFLOW_CTX_DAG_ID=temp_data_pipeline_dag
AIRFLOW_CTX_TASK_ID=preprocess_task
AIRFLOW_CTX_EXECUTION_DATE=2024-10-25T18:15:20.350160+00:00
AIRFLOW_CTX_TRY_NUMBER=1
AIRFLOW_CTX_DAG_RUN_ID=manual__2024-10-25T18:15:20.350160+00:00
[2024-10-25T18:15:23.357+0000] {python.py:177} INFO - Done. Returned value was: None
[2024-10-25T18:15:23.361+0000] {taskinstance.py:1323} INFO - Marking task as SUCCESS. dag_id=temp_data_pipeline_dag, task_id=preprocess_task, execution_date=20241025T181520, start_date=20241025T181523, end_date=20241025T181523
[2024-10-25T18:15:23.378+0000] {local_task_job.py:208} INFO - Task exited with return code 0
[2024-10-25T18:15:23.389+0000] {taskinstance.py:2578} INFO - 1 downstream tasks scheduled from follow-on schedule check
